<?xml version="1.0" encoding="UTF-8"?>
<testng-results skipped="0" failed="0" ignored="0" total="1" passed="1">
  <reporter-output>
  </reporter-output>
  <suite name="Default suite" duration-ms="101909" started-at="2020-10-31T10:56:52 IST" finished-at="2020-10-31T10:58:34 IST">
    <groups>
    </groups>
    <test name="Default test" duration-ms="101909" started-at="2020-10-31T10:56:52 IST" finished-at="2020-10-31T10:58:34 IST">
      <class name="Portal.Naukri.NaukriLogin">
        <test-method status="PASS" signature="beforeTest()[pri:0, instance:Portal.Naukri.NaukriLogin@6e6c3152]" name="beforeTest" is-config="true" duration-ms="42511" started-at="2020-10-31T10:56:52 IST" finished-at="2020-10-31T10:57:35 IST">
          <reporter-output>
          </reporter-output>
        </test-method> <!-- beforeTest -->
        <test-method status="PASS" signature="f()[pri:0, instance:Portal.Naukri.NaukriLogin@6e6c3152]" name="f" duration-ms="59167" started-at="2020-10-31T10:57:35 IST" finished-at="2020-10-31T10:58:34 IST">
          <reporter-output>
          </reporter-output>
        </test-method> <!-- f -->
      </class> <!-- Portal.Naukri.NaukriLogin -->
    </test> <!-- Default test -->
  </suite> <!-- Default suite -->
</testng-results>
